SonarQube plugins:
  - SonarPython 1.14.1.3143 (python)
  - SonarCSS 1.1.1.1010 (cssfamily)
  - GitHub Authentication for SonarQube 1.5.0.870 (authgithub)
  - JaCoCo 1.0.2.475 (jacoco)
  - SonarGo 1.1.1.2000 (go)
  - SonarKotlin 1.5.0.315 (kotlin)
  - Svn 1.9.0.1295 (scmsvn)
  - SonarJS 5.2.1.7778 (javascript)
  - SonarRuby 1.5.0.315 (ruby)
  - SonarScala 1.5.0.315 (sonarscala)
  - SonarC# 7.15.0.8572 (csharp)
  - SonarJava 5.13.1.18282 (java)
  - LDAP 2.2.0.608 (ldap)
  - SonarHTML 3.1.0.1615 (web)
  - Git 1.8.0.1574 (scmgit)
  - SonarFlex 2.5.1.1831 (flex)
  - SonarXML 2.0.1.2020 (xml)
  - SAML 2.0 Authentication for SonarQube 1.1.0.181 (authsaml)
  - SonarPHP 3.2.0.4868 (php)
  - SonarTS 1.9.0.3766 (typescript)
  - SonarVB 7.15.0.8572 (vbnet)
Global server settings:
  - sonar.core.id=BF41A1F2-AW3PWiA8PsOIpP-7r3ng
  - sonar.core.startTime=2019-10-24T08:46:38+0000
Project server settings:
Project scanner properties:
  - sonar.exclusions=**/*.xml,Pods/**/*,Reports/**/*
  - sonar.host.url=http://localhost:9000
  - sonar.junit.reportsPath=sonar-reports/TEST-report.xml
  - sonar.language=swift
  - sonar.login=******
  - sonar.password=******
  - sonar.projectBaseDir=/Users/ishwarn/Downloads/Museum
  - sonar.projectDescription=This is the Sonar demo application for the code quality check
  - sonar.projectKey=com.qardio.museum
  - sonar.projectName=Museum
  - sonar.scanner.app=ScannerCli
  - sonar.scanner.appVersion=4.2.0.1873
  - sonar.sourceEncoding=UTF-8
  - sonar.sources=Museum
  - sonar.swift.appConfiguration=Debug
  - sonar.swift.appName=Museum
  - sonar.swift.appScheme=Museum
  - sonar.swift.coverage.reportPattern=sonar-reports/coverage-swift*.xml
  - sonar.swift.project=Museum.xcodeproj
  - sonar.swift.simulator=platform=iOS Simulator,name=iPhone 11 Pro Max,OS=13.0
  - sonar.swift.swiftlint.report=sonar-reports/*swiftlint.txt
  - sonar.swift.tailor.config=--no-color --max-line-length=100 --max-file-length=500 --max-name-length=40 --max-name-length=40 --min-name-length=4
  - sonar.swift.tailor.report=sonar-reports/*tailor.txt
  - sonar.swift.workspace=Museum.xcworkspace
  - sonar.test.inclusions=*.swift
  - sonar.tests=MuseumTests
  - sonar.verbose=true
  - sonar.working.directory=/Users/ishwarn/Downloads/Museum/.scannerwork
